0 info it worked if it ends with ok
1 verbose cli [ 'C:\\Program Files (x86)\\nodejs\\node.exe',
1 verbose cli   'C:\\Users\\marco\\AppData\\Roaming\\npm\\node_modules\\npm\\bin\\npm-cli.js',
1 verbose cli   'run',
1 verbose cli   'gulp',
1 verbose cli   'dev' ]
2 info using npm@3.10.9
3 info using node@v6.9.1
4 verbose run-script [ 'pregulp', 'gulp', 'postgulp' ]
5 info lifecycle freelancer@3.3.7~pregulp: freelancer@3.3.7
6 silly lifecycle freelancer@3.3.7~pregulp: no script for pregulp, continuing
7 info lifecycle freelancer@3.3.7~gulp: freelancer@3.3.7
8 verbose lifecycle freelancer@3.3.7~gulp: unsafe-perm in lifecycle true
9 verbose lifecycle freelancer@3.3.7~gulp: PATH: C:\Users\marco\AppData\Roaming\npm\node_modules\npm\bin\node-gyp-bin;C:\Users\marco\Documents\Visual Studio 2015\Projects\Mini-projetos\meu-github-page\node_modules\.bin;C:\Users\marco\AppData\Roaming\npm;C:\Program Files (x86)\nodejs\;C:\ProgramData\Oracle\Java\javapath;C:\Program Files (x86)\Intel\iCLS Client\;C:\Program Files\Intel\iCLS Client\;C:\Windows\system32;C:\Windows;C:\Windows\System32\Wbem;C:\Windows\System32\WindowsPowerShell\v1.0\;C:\Program Files (x86)\NVIDIA Corporation\PhysX\Common;C:\Program Files (x86)\Intel\Intel(R) Management Engine Components\DAL;C:\Program Files\Intel\Intel(R) Management Engine Components\DAL;C:\Program Files (x86)\Intel\Intel(R) Management Engine Components\IPT;C:\Program Files\Intel\Intel(R) Management Engine Components\IPT;C:\Program Files (x86)\Skype\Phone\;C:\Program Files\Microsoft SQL Server\130\Tools\Binn\;C:\Program Files (x86)\Microsoft Emulator Manager\1.0\;C:\Program Files\Git\cmd;C:\Program Files (x86)\Windows Kits\10\Windows Performance Toolkit\;C:\Program Files (x86)\nodejs\;C:\Program Files\Microsoft SQL Server\Client SDK\ODBC\110\Tools\Binn\;C:\Program Files (x86)\Microsoft SQL Server\120\Tools\Binn\;C:\Program Files\Microsoft SQL Server\120\Tools\Binn\;C:\Program Files\Microsoft SQL Server\120\DTS\Binn\;C:\Program Files (x86)\Microsoft SQL Server\120\Tools\Binn\ManagementStudio\;C:\Program Files (x86)\Microsoft SQL Server\120\DTS\Binn\;C:\Program Files\dotnet\;C:\Program Files (x86)\QuickTime\QTSystem\;C:\Program Files\Microsoft\Web Platform Installer\;C:\Users\marco\AppData\Local\Microsoft\WindowsApps;C:\Program Files (x86)\Microsoft VS Code\bin;C:\Users\marco\AppData\Roaming\npm
10 verbose lifecycle freelancer@3.3.7~gulp: CWD: C:\Users\marco\Documents\Visual Studio 2015\Projects\Mini-projetos\meu-github-page
11 silly lifecycle freelancer@3.3.7~gulp: Args: [ '/d /s /c', 'gulp "dev"' ]
12 silly lifecycle freelancer@3.3.7~gulp: Returned: code: 1  signal: null
13 info lifecycle freelancer@3.3.7~gulp: Failed to exec gulp script
14 verbose stack Error: freelancer@3.3.7 gulp: `gulp "dev"`
14 verbose stack Exit status 1
14 verbose stack     at EventEmitter.<anonymous> (C:\Users\marco\AppData\Roaming\npm\node_modules\npm\lib\utils\lifecycle.js:255:16)
14 verbose stack     at emitTwo (events.js:106:13)
14 verbose stack     at EventEmitter.emit (events.js:191:7)
14 verbose stack     at ChildProcess.<anonymous> (C:\Users\marco\AppData\Roaming\npm\node_modules\npm\lib\utils\spawn.js:40:14)
14 verbose stack     at emitTwo (events.js:106:13)
14 verbose stack     at ChildProcess.emit (events.js:191:7)
14 verbose stack     at maybeClose (internal/child_process.js:877:16)
14 verbose stack     at Process.ChildProcess._handle.onexit (internal/child_process.js:226:5)
15 verbose pkgid freelancer@3.3.7
16 verbose cwd C:\Users\marco\Documents\Visual Studio 2015\Projects\Mini-projetos\meu-github-page
17 error Windows_NT 10.0.14393
18 error argv "C:\\Program Files (x86)\\nodejs\\node.exe" "C:\\Users\\marco\\AppData\\Roaming\\npm\\node_modules\\npm\\bin\\npm-cli.js" "run" "gulp" "dev"
19 error node v6.9.1
20 error npm  v3.10.9
21 error code ELIFECYCLE
22 error freelancer@3.3.7 gulp: `gulp "dev"`
22 error Exit status 1
23 error Failed at the freelancer@3.3.7 gulp script 'gulp "dev"'.
23 error Make sure you have the latest version of node.js and npm installed.
23 error If you do, this is most likely a problem with the freelancer package,
23 error not with npm itself.
23 error Tell the author that this fails on your system:
23 error     gulp "dev"
23 error You can get information on how to open an issue for this project with:
23 error     npm bugs freelancer
23 error Or if that isn't available, you can get their info via:
23 error     npm owner ls freelancer
23 error There is likely additional logging output above.
24 verbose exit [ 1, true ]
